2013-12-07 08:31:05.411 Wild Animals Black on White Baby Book[4514:80b] Multi-tasking -> Device: YES, App: YES
2013-12-07 08:31:05.437 Wild Animals Black on White Baby Book[4514:80b] Unlimited access to network resources
2013-12-07 08:31:05.863 Wild Animals Black on White Baby Book[4514:80b] Resetting plugins due to page load.
2013-12-07 08:31:05.920 Wild Animals Black on White Baby Book[4514:80b] Finished load of: file:///Users/protherj/Library/Application%20Support/iPhone%20Simulator/7.0.3/Applications/D340D98F-2614-4A0E-82F4-701DCDC135AB/Wild%20Animals%20Black%20on%20White%20Baby%20Book.app/www/main.html
2013-12-07 08:31:27.008 Wild Animals Black on White Baby Book[4514:80b] Resetting plugins due to page load.
2013-12-07 08:31:27.073 Wild Animals Black on White Baby Book[4514:80b] Finished load of: file:///Users/protherj/Library/Application%20Support/iPhone%20Simulator/7.0.3/Applications/D340D98F-2614-4A0E-82F4-701DCDC135AB/Wild%20Animals%20Black%20on%20White%20Baby%20Book.app/www/book.html
2013-12-07 11:51:13.091 Wild Animals Black on White Baby Book[6234:80b] Multi-tasking -> Device: YES, App: YES
2013-12-07 11:51:13.100 Wild Animals Black on White Baby Book[6234:80b] Unlimited access to network resources
2013-12-07 11:51:13.246 Wild Animals Black on White Baby Book[6234:80b] Resetting plugins due to page load.
2013-12-07 11:51:13.281 Wild Animals Black on White Baby Book[6234:80b] Finished load of: file:///Users/protherj/Library/Application%20Support/iPhone%20Simulator/7.0.3/Applications/D340D98F-2614-4A0E-82F4-701DCDC135AB/Wild%20Animals%20Black%20on%20White%20Baby%20Book.app/www/main.html
2013-12-07 11:51:54.012 Wild Animals Black on White Baby Book[7162:80b] Multi-tasking -> Device: YES, App: YES
2013-12-07 11:51:54.022 Wild Animals Black on White Baby Book[7162:80b] Unlimited access to network resources
2013-12-07 11:51:54.198 Wild Animals Black on White Baby Book[7162:80b] Resetting plugins due to page load.
2013-12-07 11:51:54.249 Wild Animals Black on White Baby Book[7162:80b] Finished load of: file:///Users/protherj/Library/Application%20Support/iPhone%20Simulator/7.0.3/Applications/5C5919FE-E2EA-495F-BA9F-0E78AFD1454F/Wild%20Animals%20Black%20on%20White%20Baby%20Book.app/www/main.html
2013-12-07 19:37:21.354 Wild Animals Black on White Baby Book[9290:80b] Multi-tasking -> Device: YES, App: YES
2013-12-07 19:37:21.363 Wild Animals Black on White Baby Book[9290:80b] Unlimited access to network resources
2013-12-07 19:37:21.555 Wild Animals Black on White Baby Book[9290:80b] Resetting plugins due to page load.
2013-12-07 19:37:21.589 Wild Animals Black on White Baby Book[9290:80b] Finished load of: file:///Users/protherj/Library/Application%20Support/iPhone%20Simulator/7.0.3/Applications/5CA535E0-C78F-4667-94BA-17B28D840B3C/Wild%20Animals%20Black%20on%20White%20Baby%20Book.app/www/main.html
2013-12-07 19:37:24.609 Wild Animals Black on White Baby Book[9290:80b] Resetting plugins due to page load.
2013-12-07 19:37:24.654 Wild Animals Black on White Baby Book[9290:80b] Finished load of: file:///Users/protherj/Library/Application%20Support/iPhone%20Simulator/7.0.3/Applications/5CA535E0-C78F-4667-94BA-17B28D840B3C/Wild%20Animals%20Black%20on%20White%20Baby%20Book.app/www/book.html
2013-12-07 19:45:30.714 Wild Animals Black on White Baby Book[10251:80b] Multi-tasking -> Device: YES, App: YES
2013-12-07 19:45:30.721 Wild Animals Black on White Baby Book[10251:80b] Unlimited access to network resources
2013-12-07 19:45:30.866 Wild Animals Black on White Baby Book[10251:80b] Resetting plugins due to page load.
2013-12-07 19:45:30.897 Wild Animals Black on White Baby Book[10251:80b] Finished load of: file:///Users/protherj/Library/Application%20Support/iPhone%20Simulator/7.0.3/Applications/5CA535E0-C78F-4667-94BA-17B28D840B3C/Wild%20Animals%20Black%20on%20White%20Baby%20Book.app/www/main.html
2013-12-07 19:45:33.283 Wild Animals Black on White Baby Book[10251:80b] Resetting plugins due to page load.
2013-12-07 19:45:33.318 Wild Animals Black on White Baby Book[10251:80b] Finished load of: file:///Users/protherj/Library/Application%20Support/iPhone%20Simulator/7.0.3/Applications/5CA535E0-C78F-4667-94BA-17B28D840B3C/Wild%20Animals%20Black%20on%20White%20Baby%20Book.app/www/book.html
